<?xml version="1.0" encoding="UTF-8"?>
<!-- Generated by org.testng.reporters.JUnitReportReporter -->
<testsuite skipped="0" hostname="Divyas-MacBook-Pro.local" name="com.Salesforce.qa.testcases.LoginPageTest" tests="5" failures="0" timestamp="2020-02-12T22:15:36 PST" time="24.462" errors="0">
  <testcase name="remembermetextBox" time="11.431" classname="com.Salesforce.qa.testcases.LoginPageTest"/>
  <testcase name="loginerrorMessage" time="2.912" classname="com.Salesforce.qa.testcases.LoginPageTest"/>
  <testcase name="LoginPageTitleTest" time="1.839" classname="com.Salesforce.qa.testcases.LoginPageTest"/>
  <testcase name="SalesforceLogoTest" time="1.869" classname="com.Salesforce.qa.testcases.LoginPageTest"/>
  <testcase name="loginTest" time="6.411" classname="com.Salesforce.qa.testcases.LoginPageTest"/>
</testsuite> <!-- com.Salesforce.qa.testcases.LoginPageTest -->
