<?xml version="1.0" encoding="UTF-8"?>
<!-- Generated by org.testng.reporters.JUnitReportReporter -->
<testsuite skipped="0" hostname="Divyas-MacBook-Pro.local" name="com.Salesforce.qa.testcases.HomePageTest" tests="1" failures="0" timestamp="2020-02-12T22:15:36 PST" time="8.000" errors="0">
  <testcase name="Userdropdown" time="8.000" classname="com.Salesforce.qa.testcases.HomePageTest"/>
</testsuite> <!-- com.Salesforce.qa.testcases.HomePageTest -->
