<?xml version="1.0" encoding="UTF-8"?>
<!-- Generated by org.testng.reporters.JUnitReportReporter -->
<testsuite skipped="0" hostname="Divyas-MacBook-Pro.local" name="com.Salesforce.qa.testcases.FogotPasswordTest" tests="2" failures="0" timestamp="2020-02-12T22:15:36 PST" time="5.907" errors="0">
  <testcase name="forgotPassword_4A" time="3.603" classname="com.Salesforce.qa.testcases.FogotPasswordTest"/>
  <testcase name="forgotPassword_4B" time="2.304" classname="com.Salesforce.qa.testcases.FogotPasswordTest"/>
</testsuite> <!-- com.Salesforce.qa.testcases.FogotPasswordTest -->
