<?xml version="1.0" encoding="UTF-8"?>
<!-- Generated by org.testng.reporters.JUnitReportReporter -->
<testsuite hostname="Divyas-MacBook-Pro.local" name="com.Salesforce.qa.testcases.LoginPageTest" tests="5" failures="0" timestamp="13 Feb 2020 06:14:32 GMT" time="24.395" errors="0">
  <testcase name="loginerrorMessage" time="2.705" classname="com.Salesforce.qa.testcases.LoginPageTest"/>
  <testcase name="loginTest" time="6.452" classname="com.Salesforce.qa.testcases.LoginPageTest"/>
  <testcase name="LoginPageTitleTest" time="2.095" classname="com.Salesforce.qa.testcases.LoginPageTest"/>
  <testcase name="remembermetextBox" time="11.270" classname="com.Salesforce.qa.testcases.LoginPageTest"/>
  <testcase name="SalesforceLogoTest" time="1.873" classname="com.Salesforce.qa.testcases.LoginPageTest"/>
</testsuite> <!-- com.Salesforce.qa.testcases.LoginPageTest -->
