<?xml version="1.0" encoding="UTF-8"?>
<!-- Generated by org.testng.reporters.JUnitReportReporter -->
<testsuite hostname="Divyas-MacBook-Pro.local" name="com.Salesforce.qa.testcases.FogotPasswordTest" tests="2" failures="0" timestamp="13 Feb 2020 06:14:32 GMT" time="4.944" errors="0">
  <testcase name="forgotPassword_4B" time="2.257" classname="com.Salesforce.qa.testcases.FogotPasswordTest"/>
  <testcase name="forgotPassword_4A" time="2.687" classname="com.Salesforce.qa.testcases.FogotPasswordTest"/>
</testsuite> <!-- com.Salesforce.qa.testcases.FogotPasswordTest -->
