<?xml version="1.0" encoding="UTF-8"?>
<!-- Generated by org.testng.reporters.JUnitReportReporter -->
<testsuite hostname="Divyas-MacBook-Pro.local" name="com.Salesforce.qa.testcases.LoginPageTest" tests="5" failures="0" timestamp="13 Feb 2020 07:21:10 GMT" time="23.663" errors="0">
  <testcase name="LoginPageTitleTest" time="3.899" classname="com.Salesforce.qa.testcases.LoginPageTest"/>
  <testcase name="loginerrorMessage" time="2.542" classname="com.Salesforce.qa.testcases.LoginPageTest"/>
  <testcase name="SalesforceLogoTest" time="2.684" classname="com.Salesforce.qa.testcases.LoginPageTest"/>
  <testcase name="loginTest" time="4.830" classname="com.Salesforce.qa.testcases.LoginPageTest"/>
  <testcase name="remembermetextBox" time="9.708" classname="com.Salesforce.qa.testcases.LoginPageTest"/>
</testsuite> <!-- com.Salesforce.qa.testcases.LoginPageTest -->
