<?xml version="1.0" encoding="UTF-8"?>
<!-- Generated by org.testng.reporters.JUnitReportReporter -->
<testsuite hostname="Divyas-MacBook-Pro.local" name="com.Salesforce.qa.testcases.HomePageTest" tests="1" failures="0" timestamp="13 Feb 2020 07:16:10 GMT" time="11.085" errors="0">
  <testcase name="Userdropdown" time="11.085" classname="com.Salesforce.qa.testcases.HomePageTest"/>
</testsuite> <!-- com.Salesforce.qa.testcases.HomePageTest -->
